1000
7811767 8635450
6743500 9581996
5030668 7975061
9365335 7579774
9800778 9881391
5848860 8311632
6586449 7646322
8510737 8947030
6277991 5370932
7875360 6651159
6692193 7922098
6192552 5155040
5861005 9648343
9835882 5098876
8272099 8901371
7391689 6682169
5330700 6714612
5069490 7076499
9212499 9541818
6416236 8261173
9606519 7856454
9245389 5039186
7804816 6436423
9452358 8652054
5005373 8516068
6312275 7267400
6691360 6119836
9676314 9365382
7393198 8591401
9898715 9432408
8843202 6683736
8518822 8361028
5835515 8031124
7492198 5333666
8237986 8845655
8327560 9139121
9262099 5725108
7668209 5011935
6532324 7472228
6643158 5485589
7071326 8465786
7813668 8128923
8485760 8779251
7883898 7311659
6599790 8891829
9977700 8762288
7916185 9886993
6989513 5890830
7048670 7250363
5715263 9181944
8170387 7884206
6780094 7001260
5769034 8963556
5490106 7462899
5765206 7715416
9194319 8700756
8099824 5626411
9201948 5645508
5579852 8833058
9018427 7214545
6288947 6042531
5331241 9444009
6739675 6699061
7474615 9195479
9222912 9626709
6906697 8994761
7257389 6586045
6391242 7500905
5989513 5676563
6647525 7273999
8545728 7736533
6016055 9413386
7320855 8634167
6692356 6734172
9930324 9777719
8858281 7992115
5653150 5901655
5275397 6751360
7521541 8809218
7769043 7572606
7154882 9268177
7120511 6800601
5373915 8826383
5670918 6020462
9787323 7303225
5854845 6100861
7096466 6979481
7269082 5702763
5119870 8678293
7797121 7930098
8533625 9210243
7407229 8840911
7218656 9953873
8357267 9575212
5097830 9621079
7097770 9381831
6024517 8956949
9779709 9454051
9496114 6771723
9947380 6838180
5986480 5367435
6095673 9098620
5129376 8394195
7278843 8377703
6132121 8398181
9039052 6532634
8182421 7690299
9572834 6502107
9061526 8976861
5482943 9161778
5276441 7730680
6864772 5428737
8099349 6043550
5973460 5784086
7089015 6502008
7295378 6477140
9433329 6262831
7225177 6706065
6400421 6817958
5835741 7865622
8065165 9212630
8125473 8864676
7487116 6123743
9919391 6704181
5312767 9914710
7038984 6555391
7734981 6769647
6881640 6123192
6539359 8515990
7058851 9339666
7111420 7263528
8198661 7335515
5937171 7863121
8678694 6844500
5444497 5019567
7816452 5509900
8538877 6107317
8698608 9322170
9169455 9901644
5809997 7751537
9422918 6728406
9806478 9866837
8728303 8397208
7551752 5952676
7776983 6227232
9311993 6982016
5267851 8624688
6990663 8679443
7550183 8288508
5240600 8817509
5380069 6700226
7065057 9992204
5598475 9411075
8072027 7717648
9415786 5217470
8885311 8261663
5145789 6590160
8711304 8836538
6545172 5743128
5930553 5716643
5610944 9952636
6673957 6807262
5845401 7430967
6267724 9802344
6917261 5178395
7192692 5621762
6629778 7480033
9132713 6661242
8828664 9144462
7393545 8536824
8218990 7373342
8253267 6754935
8687947 8466281
9114454 7682549
5027505 5835075
6505142 7288484
5979125 8877882
9721122 6669878
6188022 8291387
8481697 9582933
8242873 6006377
9969678 7307179
7969342 7072091
8897442 5684536
7162323 9915790
6776760 5263516
5056146 8059487
8605973 8178849
7774305 6314998
9691215 7841338
7262133 6620267
6732904 7658300
9914922 6390236
6535835 6904723
8000618 9423434
5942883 5816210
9051878 6588056
5756123 5504354
9215237 8898697
7002848 6789243
9705149 6423052
9298636 7324296
6632541 6520037
8847100 5345489
7312738 6526659
8736402 6561606
5083136 7347887
6056265 7119934
6676912 7657058
9963878 8559492
5622039 9426748
5363850 7692764
6715594 6405015
7660444 9058316
5037836 9021080
6472796 9963292
6822433 6503076
5899701 8441714
5534667 9546538
8204803 7963156
9870350 8184538
8514529 5284608
9240821 9809448
5116894 5127641
9197288 5083513
7548331 7711771
6045439 8773691
9082366 5208084
7601860 9725220
8752236 9513646
7772845 6318329
9497456 7133148
5482388 9711535
5964819 6700816
9081272 9673180
8290965 9744718
7909711 6829802
8560075 8409753
9368945 7280962
7874620 6667223
5842609 5414594
7156608 5688552
6722369 9538531
7870619 7522307
9610402 8341685
7974657 6589384
9511705 7474329
8937609 8370560
8113550 6222948
5577770 8829975
5922194 5714486
6494486 5093432
9097792 8033982
5072433 9270414
7426092 5578286
5701437 6038368
9397995 5768886
7187193 8514073
5351085 8209085
6946657 7941835
5195310 6326916
6625430 6457298
8087285 5057443
6401562 7965665
7805108 8810669
9929961 8295730
7522795 6202237
6338515 8086791
8329298 7712767
7310701 7916420
7757988 6376016
6071647 7327958
7071349 7390688
8963717 9398899
7648768 8653236
9472438 6868815
5929562 7560822
7978033 6870684
9682534 5249393
5485988 9357122
8273599 5824482
5467770 7843075
8098050 5595176
5582598 5244073
7221961 8672932
9884885 9142573
7639839 7105858
9999016 9964358
8313771 9556124
9143433 7570756
5777237 5628350
8049170 8737332
5718150 8728845
7271519 6900402
9364111 9814564
6772074 5272206
9692925 5421032
8767690 8420773
6815357 5800854
8713165 7578549
7851943 8504449
8582954 5052601
6653828 7780423
6268688 5427277
6142969 5535304
5788904 9738505
8318031 5042922
5011860 9988679
9555373 9197049
5322841 6094262
5810620 5258513
5748637 6526525
5774185 7091565
7966685 6520852
5690769 8422594
8257444 6372281
9077478 8038013
7478141 6047428
5896843 8301537
5156092 6172867
6388851 5805464
5866710 5289937
7463719 5651034
9368023 7697062
6065227 9396910
6030004 5092058
5994967 5481268
8335612 5288229
7938924 7672424
7172649 8681485
6230491 9437240
8286740 9711955
6192312 6020047
9101634 7913324
7075275 6748769
5844506 6600141
5272884 6435846
5179022 6480909
9577814 9962210
8439899 5672304
5968071 6328822
9654927 5392682
8673575 5282499
6524962 5368453
5403339 5130850
6558621 9184917
6108423 5852233
7882984 9553793
7022102 5644367
7564568 5995732
6764016 7150199
7750056 5026548
7274680 6940439
6938671 8814804
5028535 6254012
9003677 7815211
9416748 9575797
6217340 8397857
9642681 6485222
5912283 5033483
9841543 5764045
5684284 6415796
8654370 9694364
9436240 9801650
5655948 9114825
5746381 9918664
7642108 5879434
8074707 7002953
8089220 7085184
9150909 8245438
8289722 5043619
7469251 8563047
6981759 5942377
5147352 8036869
9737592 7006030
9365130 5015346
5885632 9308511
7399497 9741853
5739037 9604998
8251456 6157840
8755046 8091473
9492364 8147684
6508446 9079021
5879418 6058656
7786324 5485898
7481149 5923553
5082265 9333783
9331481 7838042
6983809 6293894
7380437 8402359
8762833 9355313
6226584 6608220
9093457 5217591
5422194 6603611
9942401 5499419
9912566 6710897
7409353 5588692
9363965 7781691
7865237 8057113
7282662 7110270
9234304 7528371
6427072 6354428
7513395 6331544
8098866 5197060
9781040 9773305
5674324 8995682
6869220 8013447
9203856 6450730
7618405 9248498
9993768 8140931
8719574 7764789
8885231 5110304
8801954 7054944
7820618 9535293
6536155 6307444
8472706 6912803
6177363 6893617
7967466 5110518
7645006 5853846
6936617 5639127
7378389 7098767
9506067 9217205
6933830 6327240
9037758 8872908
8781892 9141631
7088934 7564800
6790175 7530668
8527141 9899970
9442164 6906934
8478646 5999656
8657085 8149090
6242976 9486754
5987405 7807121
8005574 7210624
6436476 7712506
6391012 8249991
8747320 7923053
5546519 5767083
9135255 5427840
7147162 6359443
5703833 7029404
9189571 8310066
8653227 8198695
6216550 6360979
5781652 8145713
6109233 5465327
8751260 5156983
6300092 7382719
6712823 8945982
6004414 8569190
6067757 5638726
7861986 6933318
7516494 5089063
5759337 7496910
6242967 8705842
9955323 6834784
5048459 5030726
6281583 7925821
9601103 9677373
9298376 9222126
9993047 9329514
8665592 5167032
5649876 9647162
9941252 9938293
7542839 6670563
7420541 9508402
7103830 5478576
5763518 7390196
9692208 7950280
6342929 8050071
8018451 5627768
5324761 7302118
6424072 8396996
6652180 6515502
7125606 7068773
8626399 6124406
8391329 9962933
8370960 6147548
5400917 9876118
8551485 8055545
9274934 8547907
5210545 5000236
7735958 9134063
7480418 8436094
8493831 9187771
5970411 6108434
8171108 8288747
9837551 7598750
5467931 7823404
8519769 8710564
6658371 6812174
6863937 9410026
8223079 8879031
5908734 7084044
7425100 9109032
8068890 8798988
8505390 6050503
8157327 6854553
8873961 6339009
6892427 6865238
5556801 6079156
9093729 8066883
6340683 7350974
8389857 9357217
6567760 6402128
5476202 5979205
5930665 8213931
8206344 8019760
6658292 9161834
9097133 6722734
9939961 9571282
7209592 5555982
6200550 9457901
9370976 9116271
6703741 6453274
8520744 7077969
9290431 9924376
6293976 5398320
5075297 9457525
7885147 8175145
6136002 7684385
5673659 6630425
8333666 5927502
9497202 8977124
8980425 7553998
9056143 9332712
8716404 9130156
9390369 6172463
9854251 7986976
5851841 6193117
5961254 7203863
6667446 5944909
7510977 5378062
8380657 7737521
5049477 6291844
9181446 8802282
5560990 5239035
6797239 7567851
9822448 7881411
5969242 6358663
7905010 5506694
7936695 6690726
5418600 9791376
8895643 7478698
6389910 7339847
6187683 5465168
7484985 7604205
7050832 9435226
5375491 8564991
7176614 7194418
6230839 6987522
6823496 7580548
9421492 6623366
9802190 5475167
5567854 8908722
8290472 9234625
8543522 7198202
9054384 6914188
8554155 8066912
5933944 8429028
5210215 7121691
6295086 7354647
6900821 7415699
9834663 5977900
9498840 7393398
8774358 6967840
9917750 7344969
8871538 7795940
7971843 5874484
9846223 8442222
8652084 6076275
6767444 6862760
8321720 9607047
8177990 7545240
9955313 8352372
5153469 7168597
9473537 8729165
7775637 7388275
5629422 8166762
5532065 5168227
7414199 9023480
9073409 7513616
9790153 9972055
7278523 6502100
7882165 9209806
7093685 7992935
9795267 7914169
9848610 8510302
7595425 8852219
8250358 8689678
8325877 7989555
6575217 9021486
9802037 9391318
6781938 8150407
5673760 7772704
5733769 9416440
9736103 8238265
5046851 9999020
5556636 8436411
5653190 9630239
7316396 8062331
9819017 6309391
8243741 8414698
6678586 9226725
5549196 6990947
5326602 5766828
8379973 9417751
6374656 5322132
6477271 9696109
5665081 7963497
9752457 8046127
5385315 7767867
8071631 5919222
5584267 8398241
7759820 7446860
9741887 9498552
5722322 5045543
9225894 8644476
6821644 8601323
5867755 6595329
9328849 9796136
8862629 9917844
6451488 8519040
7333135 9362377
6074067 9848858
6716047 6327420
8199423 5949217
5946303 6925398
6351458 6175013
6570334 9720707
5526940 8277920
9547806 7748221
7154237 7858145
6849874 6705626
5316796 7452388
6620085 8786399
7997436 6365297
5951630 8498707
9829197 7699716
9072129 6546081
5665785 6349083
9316381 8258121
5102747 5027278
5394205 6069863
8042891 5983042
5273487 7584429
6205118 7088838
5263233 8084398
5437559 8435679
7979694 8279622
7204833 9689904
9383797 7667221
6005831 7344844
8274071 6163724
6791717 5766464
9895042 6190789
5392165 6483458
8492419 7191777
7421356 8892548
9189517 9499677
8325610 8321421
9110278 6625901
9422006 5088512
5773541 5738042
8250280 7181994
9469852 5025456
8287324 7268447
7112462 6826036
7596892 6976282
8154497 7707129
9922832 6148003
7974510 5640785
7300033 6503483
6618091 8610694
7931060 6976426
7863550 8952496
9313032 5804903
7533564 5884232
7980804 8812371
9461644 5185727
8303393 8110729
6582305 5491549
6924319 8879915
7066849 7584972
6508098 6887530
5289620 7927767
8466477 9843222
9105297 9582500
6684712 7197763
7672325 8075730
8540581 5588087
7400769 5672967
9548694 8052050
5818804 7774564
7269915 9713999
5809791 9072468
6264362 9714199
5454061 5116208
7228562 9357747
5218643 6873642
5906818 8500119
6950561 6171126
8902052 7763367
6304957 6320496
9765778 8455310
9259220 8672051
7323352 6882584
5336300 9303641
9102219 8943290
6252170 5126127
6748471 7642558
7466484 9259928
8059960 9769024
6934424 7209164
9927301 6710521
5390460 6351000
6291846 5099489
5014357 7781204
7363928 6108339
5890703 9571440
5131683 7369107
9416129 9426277
6111881 5922542
7009906 5132585
8567977 9209845
5066020 6926850
6467678 7029398
5513301 5203183
9447367 5363102
9768533 6425914
5498489 9907194
6950661 8620780
8231491 7779205
8704571 9184242
5871175 5545454
7309755 6121000
9026823 6260194
5363257 5861998
8818223 9680158
6217379 6489890
7138834 8685631
7104107 7112769
6068620 5553378
6239308 7065297
8062366 6551537
8931813 7264089
5716703 9194787
5016211 8338117
8550457 8192355
7428967 8233863
6463069 8895362
5933165 7695544
9937386 7416075
6499705 5714843
7340443 7571222
8225650 8954627
7510335 8045742
6369214 8497096
9550745 7075025
6998405 6359360
6324687 9725837
5584584 8299354
9608273 8532998
5279964 7180662
9978123 5944489
7936012 5543250
9387435 8036179
7695355 9829188
8007356 9981544
8221276 5358708
5497938 8024399
7010115 5118377
6316075 6235649
8418773 7910657
8089120 6312135
6005677 6272432
5151858 7747165
5314082 6923849
7940627 6804008
9156860 9351284
6964629 5945838
6844506 7961705
8113425 9100907
9342580 5783993
9700666 8573411
5484418 7766102
8501098 5821579
9925415 9379920
8843757 6632131
9569621 8383573
7333148 9178845
6064358 8319940
9498699 9652317
9377696 9371101
5437256 8874438
9902082 9467501
5392172 5076725
7628626 8497903
9912000 6130144
7967049 6317697
7494243 8313390
6141793 5796537
7249527 8302281
9354168 6195405
5929897 8855449
7992730 8836877
5543701 9159596
8898495 8610380
6106376 8034352
6293787 6622700
7933440 5664993
5859126 5600473
6650671 5358850
8382127 7694278
9862363 6656354
6615945 7130628
8665272 7643914
8231424 6989561
7514096 5055539
6711267 6908936
9659091 9541914
8318722 9838172
7072047 7090152
7539474 6868164
6535901 6933507
5591452 9123717
6271050 8795871
9213452 5070642
5276224 9462543
8143549 8050362
5492271 6334630
5168616 6247928
7568857 8843947
7621345 8784572
9060663 9592797
7579512 6876533
9810379 8991018
5452126 5382308
6863115 8229417
7766541 9167562
9716664 7219691
8914638 7135242
7706244 5946619
8593721 5232142
8516218 7501992
7913330 9684184
9442542 9526237
6248707 5037322
9145587 5342879
5734810 9459823
6036525 7095533
8848113 5917063
6837852 7194748
7940288 9472827
8691256 8685834
5123510 6768456
9119403 7798730
9203827 7713275
7105339 6026040
9065260 6548063
8608035 7052698
5597191 8802505
6479035 9617320
7318210 8060468
7542433 5653567
7918453 9158435
6084551 7941945
8147173 6497519
5488449 6447415
6284170 7311636
9410826 7658829
9417240 5183149
7947414 6837197
6187637 6939423
9966647 6667984
8345565 6383411
5017916 5817839
8890943 5551854
5431343 9488701
9654726 5465490
7757412 6515266
5581039 7188870
9652171 6730356
7791163 5592537
9884045 7846063
8940749 9301160
9176571 6581964
5557802 6885456
9944192 6527937
5712182 7179198
7940607 7821938
7511813 5988724
6190224 6966330
7871509 6216166
6980638 8938758
9748907 7993803
7451288 6509892
6565735 9855798
6054843 8241055
6018751 6941658
5933181 7766269
7750710 6459390
9390467 5846891
7381809 6363370
8550149 5151724
5233254 7199823
9659376 9223339
5749592 6977548
8477321 5166506
5133993 6164286
5378871 7943071
9956746 9691591
6070755 6442343
9880984 9825157
9083176 5474816
5871355 5170411
8713003 6943818
5512585 9996105
7629405 7928266
5553622 8570015
7505263 5948719
6152731 8391118
8634250 5414929
6732512 9739123
7910999 7354361
5481093 6087227
6525440 9523375
5423599 9008518
5872483 7484921
5973428 6836532
6989460 7923143
8787828 9934814
5257475 5967523
7866816 5843558
7961788 7168181
5845452 6439055
9904850 8281769
6688029 6694650
7400231 5469755
6476711 9586675
9918395 9341847
8355537 8065778
8646072 7672861
8842375 5025331
8171088 5059611
5952519 7639004
9057293 5059120
6926448 8341787
9630442 6915553
7806975 6286541
5739515 6524213
8817749 6445055
6815921 8926240
8426415 7315497
7678801 6029201
6597407 5884958
6563033 6059114
8930924 7718132
7897247 9484360
7530775 8460311
6085303 8690135
5941077 9063074
7643114 8809816
7981610 6276968
8487205 5093433
6094031 8456982
8659087 5719662
9613817 9768111
7846938 8076104
8011346 9639504
5632440 8560991
7468378 7553087
8398974 8651715
8763710 5172381
5736632 7331454
6857631 5563448
9661118 6663505
9216962 6262158
8692119 7226766
9302738 9186459
6505066 6944718
9264623 6572104
7767617 5288358
9566632 8284637
8739677 6047536
6549329 5260065
6429772 8335333
5680013 8933002
9881390 7602364
8370172 5643252
8525755 7532071
5780835 7792706
5572187 5550443
7354271 6002928
8959404 9150992
6708496 6370803
5048399 6839987
6143220 9374554
9883872 7401755
6552135 8035587
