100
57 73
36 92
2 60
88 53
96 98
18 67
33 54
71 80
27 9
58 34
35 59
25 5
19 93
97 3
66 79
49 35
8 35
3 43
85 91
30 66
93 58
85 2
57 30
90 74
2 71
27 46
35 24
94 88
49 73
98 89
78 35
71 68
18 61
51 8
66 78
67 83
86 16
54 2
32 50
34 11
42 70
57 63
70 76
59 47
33 78
100 76
59 98
41 19
42 46
16 84
64 59
37 41
17 80
11 50
17 55
84 75
63 14
85 14
13 77
81 45
27 22
8 89
36 35
50 84
85 93
39 81
46 33
29 51
21 15
34 46
72 56
22 89
47 73
35 36
99 96
78 61
14 19
7 36
51 77
56 52
44 86
43 37
9 77
15 22
96 47
18 23
43 41
46 15
4 74
57 59
71 85
49 77
45 99
68 92
3 93
43 88
22 80
96 90
90 37
99 38
