70
6055 7536
4135 9238
1055 6349
8849 5638
9632 9777
2526 6954
3852 5758
7312 8097
3297 1666
6170 3968
4042 6254
3144 1278
2548 9358
9695 1177
6883 8015
5300 4024
1594 4083
1124 4733
8574 9166
3546 6863
9283 6136
8633 1070
6043 3582
9005 7566
1009 7322
3359 5077
4041 3013
9408 8849
5303 7457
9808 8970
7910 4027
7327 7043
2502 6450
5481 1599
6822 7914
6983 8442
8663 2303
5797 1021
3755 5445
3954 1873
4724 7231
6059 6626
7267 7795
6185 5156
3876 7997
9950 7765
6243 9787
4577 2601
4683 5046
2286 8519
6700 6186
4200 4598
2382 8126
1881 5428
2375 5882
8541 7654
6573 2126
8555 2160
2042 7892
8225 4982
3317 2874
1595 8990
4128 4055
5449 8543
8593 9319
4428 8183
5059 3851
3501 5496
2779 2216
3962 5088
