1000
6055 7536
4135 9238
1055 6349
8849 5638
9632 9777
2526 6954
3852 5758
7312 8097
3297 1666
6170 3968
4042 6254
3144 1278
2548 9358
9695 1177
6883 8015
5300 4024
1594 4083
1124 4733
8574 9166
3546 6863
9283 6136
8633 1070
6043 3582
9005 7566
1009 7322
3359 5077
4041 3013
9408 8849
5303 7457
9808 8970
7910 4027
7327 7043
2502 6450
5481 1599
6822 7914
6983 8442
8663 2303
5797 1021
3755 5445
3954 1873
4724 7231
6059 6626
7267 7795
6185 5156
3876 7997
9950 7765
6243 9787
4577 2601
4683 5046
2286 8519
6700 6186
4200 4598
2382 8126
1881 5428
2375 5882
8541 7654
6573 2126
8555 2160
2042 7892
8225 4982
3317 2874
1595 8990
4128 4055
5449 8543
8593 9319
4428 8183
5059 3851
3501 5496
2779 2216
3962 5088
7375 5920
2826 8935
5173 7534
4043 4118
9865 9590
7937 6380
2174 2621
1495 4149
5534 7849
5979 5625
4874 8674
4812 4237
1672 7880
2206 2834
9608 5141
2537 2979
4769 4559
5080 2263
1215 7614
6029 6268
7353 8570
5328 7906
4989 9907
7036 9226
1175 9309
4772 8879
2842 8115
9594 9008
9084 4185
9895 4305
2773 1660
2970 8369
1232 7103
5097 7073
3035 7110
8262 3755
6722 5837
9222 3700
8303 8150
1868 8483
1497 5910
4353 1770
6573 2876
2750 2409
4756 3700
5127 3656
8971 3270
5001 4067
3518 4268
2502 6152
6511 8574
6619 7949
5472 3020
9845 4064
1562 9837
4666 3796
5917 4182
4383 3019
3767 7322
4702 8803
4796 5070
6751 5199
2685 6148
7614 4316
1799 1035
6064 1916
7363 2991
7650 8771
8497 9813
2456 5947
8952 4107
9642 9751
7703 7108
5588 2713
5993 3206
8753 4563
1481 7517
4579 7616
5585 6913
1432 7864
1683 4057
4713 9976
2076 8931
6523 5886
8940 1391
7986 6864
1262 3859
7673 7898
3778 2336
2673 2288
2098 9905
4009 4249
2520 5371
3279 9635
4447 1320
4942 2118
3930 5459
8431 3987
7884 8452
5303 7359
6788 5267
6849 4155
7631 7232
8398 5823
1049 2501
3706 5114
2760 7972
9489 4002
3136 6918
7260 9240
6831 2809
9936 5148
6339 4725
8008 2230
4888 9839
4194 1473
1100 6501
7483 6715
5988 3364
9435 6109
5067 3913
4115 5779
9837 3499
3761 4424
6395 8953
2695 2467
8285 3855
2359 1906
8579 8010
4601 4217
9460 3558
8729 5179
3935 3733
7917 1621
5158 3745
7718 3807
1149 5221
2899 4811
4015 5777
9925 7400
2118 8959
1654 5841
4084 3526
5783 8297
1068 8230
3648 9924
4276 3702
2617 7188
1961 9175
6762 6328
9757 6726
7319 1511
8625 9647
1210 1229
8547 1150
5582 5876
2879 7785
8340 1374
5678 9496
7746 9116
5985 3370
9086 4835
1867 9471
2734 4058
8338 9402
6917 9531
6232 4290
7401 7131
8855 5101
6168 3997
2515 1745
4877 2238
4097 9160
6161 5535
9290 7008
6348 3857
9112 5449
8080 7060
6598 3199
2038 7886
2658 2284
3687 1168
8368 6455
1130 8678
5362 2039
2261 2867
8908 2382
4932 7318
1631 6770
4500 6289
1351 3385
3922 3620
6551 1103
3520 6332
6043 7852
9864 6926
5536 3161
3406 6550
6986 5877
5154 6244
5959 3474
2926 5185
4724 5298
8127 8909
5762 7568
9041 4360
2671 5604
6354 4363
9419 1448
1873 8834
6886 2482
1841 6112
6570 2070
2047 1438
4995 7604
9783 8448
5746 4786
9988 9926
6958 9192
8450 5622
2397 2129
6482 7720
2291 7704
5084 4417
8847 9657
4186 1489
9438 1757
7774 7150
4264 2440
7676 5636
6128 7301
7442 1094
3973 5999
3281 1768
3055 1962
2418 9520
6966 1077
1021 9970
9191 8546
1580 2967
2457 1464
2346 3744
2392 4760
6334 3734
2242 7154
6857 3467
8331 6462
5455 2883
2612 6936
1280 3108
3497 2448
9992 2558
1521 5430
2170 8854
5849 2915
8906 2852
1165 2789
1865 6997
1518 6284
5805 4906
7619 3212
8978 6909
9472 3143
2834 8375
6238 4731
4144 2518
3877 1490
3581 1321
3662 9231
9922 7185
2208 2740
3389 9370
1706 7605
1507 3742
1662 1725
1235 3802
8524 2993
2532 6183
9188 4635
2158 5611
2790 4171
4866 5944
1047 5090
4489 4485
7859 1051
3254 8199
6062 8941
9227 3188
7109 9348
3670 2640
1060 9705
2373 2230
3545 7570
9441 8976
9633 2179
8398 2342
9844 5750
2581 6528
4601 6554
4749 8463
6835 6915
1078 5440
7406 4563
2694 1264
6460 9518
4607 8849
1027 2592
8747 5314
9526 2328
9280 6846
3081 7752
6558 9077
6659 3712
8334 2581
2903 6010
1873 5461
2660 1147
8792 8788
6103 4567
3326 5280
7117 7766
8831 3205
3891 8360
1391 1759
3883 9887
1898 9833
4076 5332
2058 8846
6001 6152
6497 5104
4794 8613
5546 3566
3435 5519
3394 6572
1354 9596
9582 2212
8184 4361
6418 8559
3608 5708
8639 9979
6647 7688
5971 7986
1198 7836
4695 6071
9155 3762
3350 7244
4439 3117
4404 6335
1198 5756
2535 4482
2149 5276
4773 9102
8583 4477
3386 8260
7963 7800
8447 4756
5611 4218
5550 7342
9810 8987
4428 7255
2797 7575
6662 3235
9067 2775
6047 6404
4974 3582
5877 3501
6843 7738
6256 1982
2379 8435
1769 4860
3444 2265
4649 8533
6951 7568
6751 3187
3447 2405
6656 2994
1836 7745
1282 3337
5284 4079
8095 2806
7417 2919
2148 6146
4476 5524
1160 2365
5489 3235
7663 9910
4299 1087
1055 3304
6260 9273
9410 8728
8591 9978
8784 7591
1300 2168
9356 9884
9879 5572
4003 5352
9106 4782
1860 2372
5297 9437
6304 3414
6484 6427
2128 1583
5139 3560
7108 3970
3725 4822
4719 7520
3021 7098
9923 7061
3063 1720
9767 7385
6494 8686
7379 1378
1000 5919
8433 5460
7178 7282
8530 2744
2993 6702
6913 9698
5672 1841
6076 7328
7672 3981
4258 4351
8929 6795
7974 2634
4747 5360
8388 6518
7831 7303
2888 6677
4334 7965
3407 4402
4353 2001
2940 8361
6514 3410
5227 7095
8834 3819
3521 1856
2760 2673
6779 6765
6429 3981
8483 8367
4097 9882
9219 4973
1999 3158
9015 8859
8401 4063
3613 7330
4736 8714
9854 3326
1716 1135
9015 6187
6709 3042
5826 2211
3931 6994
2667 9086
8151 8157
5592 8293
8790 7682
8426 8894
3108 9728
6370 2531
3145 2728
4962 3998
2699 5515
1679 7078
5922 1088
3322 8518
7836 2008
1429 4231
5617 9671
6181 2742
3443 6223
1911 6280
4040 1752
9615 8004
5456 3499
5207 3135
1836 5468
5682 4687
8975 1675
7410 4913
4945 3213
4573 4278
5640 8950
3919 9634
1854 2021
8028 6916
8614 7371
4952 8290
4441 7390
6514 2679
7165 1377
4815 3328
5233 4417
5343 9693
2758 9089
5303 7786
4538 9842
5216 7961
6027 6343
2572 9714
7189 7566
2935 4178
4349 6972
9284 6714
5576 9910
7027 1275
4899 9043
7705 5990
5294 2131
6694 1956
1302 5341
8234 8324
5519 9613
9940 5097
3700 6182
8569 4764
6381 9622
6240 9718
7311 5666
7926 6844
7634 6980
6375 3832
8231 9634
8896 4204
6664 2211
5985 2319
8941 9516
6822 1084
9988 2000
7179 2174
9325 5165
6506 9665
3354 6832
7140 4018
8600 1987
4579 1587
2378 7077
8943 3471
1579 3656
9444 2195
6328 9545
6477 1692
5976 6523
2652 2050
7110 5962
5399 9526
9088 2298
1081 8598
7553 4275
7475 2560
3868 8783
9624 7945
9842 3609
7327 5195
8844 2931
9718 4085
3386 6752
2706 2701
4462 3430
3112 3823
9488 1947
6894 9177
5941 4873
6139 4326
4066 1569
5409 3913
7808 6389
3454 2711
7291 9683
5854 8322
3780 2197
3425 8761
6858 1184
1049 1708
2923 6471
2767 1491
5647 3166
4755 1473
6546 1786
7177 6357
6897 4964
9433 8882
5795 2808
5216 6887
3092 4221
2378 9801
3141 1705
3667 7279
4941 5353
7999 8533
9090 6979
6972 8390
3923 8951
1159 2390
2327 6844
4923 9037
1045 6911
5078 4798
4283 5669
4553 6672
5867 9851
3064 6348
2152 5135
3703 3909
7492 6270
4553 6149
8107 8755
2447 5555
2589 6359
7855 9022
1333 6939
6593 3845
1883 4460
7976 4716
5648 3711
4394 1520
6264 7233
9708 8381
9239 4029
4951 5805
6530 7366
2057 5316
2210 9179
6487 2472
5988 5081
9476 2456
8322 3273
9476 1816
1208 5007
8835 1393
4369 2630
7293 4507
3105 8016
5968 3346
3374 9569
7213 8658
7602 5177
4385 1604
8738 8376
8090 3251
1226 4143
5751 5435
8659 6502
9575 4478
4972 9859
4075 1702
3429 3322
1178 1025
6000 5250
2992 2601
9220 1236
5259 8940
8958 2999
2658 4614
1238 7415
8569 1118
4464 3639
4649 1922
1365 8996
1652 9574
3563 1896
9823 4507
7510 6810
5997 7661
8523 2566
1980 5153
3015 8240
3265 1653
2549 7865
9415 3188
3679 4845
7627 4783
4799 2921
1995 3228
4713 6506
3789 8069
5071 2288
8542 1029
7002 7384
6740 5367
6814 3630
8004 2677
5846 9878
5344 3696
2285 5208
5623 6800
8110 5513
6476 3462
7288 9182
4731 4593
3444 3381
9497 2051
6932 9286
7352 1503
4921 9951
2698 6279
1976 8889
6459 5846
9683 6407
9957 6792
1645 1895
6438 4614
1212 3366
3221 7147
6233 6554
3359 2808
3287 1273
5939 1564
4459 6287
4243 8474
8824 4532
2700 4316
6325 6598
8373 8808
2409 9452
7425 1871
5973 7295
2477 9856
8875 7911
3934 9216
7084 5195
9990 8514
2913 6969
9089 9365
8871 8859
1786 7966
9814 9033
1705 1137
5726 7289
9832 3032
6335 3369
5484 6957
3053 2432
5044 6937
8829 3149
2672 7932
6381 7899
1977 8479
8009 7491
2989 6456
3326 3917
6274 2195
2544 2079
3968 1645
7081 5844
9743 3978
3905 4831
7590 5754
6810 4577
5520 1099
4077 4432
9377 9166
6967 9699
4725 4758
5566 4359
3761 4476
2063 8414
3285 7825
8576 1127
1496 9024
6652 6484
1885 3399
1303 3243
5619 7911
5713 7805
8301 9258
5638 4374
9649 8176
1812 1687
4350 6806
5974 8493
9481 4991
8038 4839
5866 2702
7461 1417
7322 5498
6238 9422
8988 9138
3245 1067
8454 1616
2321 9019
2863 4768
7919 2648
4304 4946
6286 9042
7637 7627
1222 4179
8407 6032
8558 5878
4785 2844
8309 3783
7487 4690
2073 7837
3659 9302
5168 6503
5571 2175
6247 8477
2950 6289
6658 3692
1878 3602
3309 5156
8931 5780
8942 1329
6299 4303
3135 4487
9930 3999
7015 3487
1032 2470
7996 1992
1775 9071
9369 1837
5958 3724
2044 4935
9365 4111
6018 2065
9782 6117
8085 8734
8509 3844
2002 4390
9890 3747
2280 4918
6287 6074
5516 2777
3140 4535
6163 3186
4561 8082
9539 6383
5407 3714
3815 9731
2896 6827
2831 4491
2677 5974
5946 3624
8894 2522
5282 3451
7383 1272
1419 4955
9378 8594
2347 4555
7252 1299
1240 3093
1681 6291
9912 9436
2925 3593
9776 9676
8342 1853
2566 1306
7676 4495
1921 9983
5727 6265
1995 7419
5504 2705
3072 7097
7534 1746
4115 9521
6234 5233
1865 2954
3742 9133
1761 9994
8207 2568
5468 2750
4302 4577
6256 7810
9873 1462
2739 6154
2516 6325
4898 2520
3587 9819
6901 4035
4047 5315
1844 3655
9247 9843
8807 7033
6512 7556
5806 7909
1045 6701
1107 2712
5745 8295
1106 4463
7008 9326
4444 6047
3313 2329
3740 7864
3598 4265
8059 7161
5163 5816
2850 3872
2591 3810
2904 8068
5887 6209
9063 5550
7222 2951
7635 2692
8305 5752
7850 6361
3296 7270
1168 2967
7216 7579
2294 9296
9573 6119
6531 6414
9342 2137
7403 5438
5590 7111
7566 7767
1309 2324
5192 4340
2013 9381
3991 8582
3269 7638
5003 8736
8527 3706
4496 8668
3826 5976
1518 9211
6906 7724
2883 3785
1467 3570
6997 2222
8072 9777
5679 7059
2156 7339
5552 2404
6021 2028
1989 5233
2803 8119
8463 4072
3464 1087
4308 3055
8865 9781
