1000
605552 753649
413479 923837
105514 634912
884882 563840
963174 977668
252624 695427
385241 575805
731226 809671
329781 166693
616986 396876
404254 625389
314419 127876
254807 935766
969485 117777
688319 801462
530022 402452
159459 408285
112494 473352
857402 916613
354637 686355
928246 613587
863316 107045
604302 358267
900528 756635
100966 732185
335945 507675
404104 301345
940795 884890
530294 745729
980783 896941
791003 402733
732680 704308
250224 644992
548094 159992
682186 791444
698291 844209
866320 230373
579740 102146
375510 544503
395437 187308
472422 723144
605894 662576
726735 779504
618521 515633
387640 799746
994984 776455
624326 978675
457712 260170
468348 504612
228603 851908
670032 618576
420058 459824
238271 812642
188120 542826
237583 588228
854133 765391
657344 212628
855505 216061
204256 789179
822508 498172
331751 287446
159556 899027
412791 405489
544933 854342
859274 931876
442821 818253
505876 385169
350143 549659
277913 221645
396223 508862
737517 592025
282685 893521
517287 753419
404283 411802
986466 959028
793714 637978
217435 262116
149516 414892
553370 784893
597870 562551
487445 867413
481265 423746
167229 787979
220630 283477
960755 514117
253700 297933
476942 455908
507978 226355
121552 761352
602919 626828
735341 856996
532817 790591
498911 990700
703632 922617
117589 930864
477176 887848
284206 811454
959386 900833
908396 418553
989533 430502
277367 166064
297000 836927
123261 710272
509733 707307
303554 710989
826216 375565
672195 583712
922190 370077
830257 815035
186832 848282
149703 590973
435283 177086
657259 287629
275027 240977
475602 370059
512706 365588
897107 327055
500084 406748
351794 426866
250265 615235
651113 857425
661956 794864
547180 302047
984500 406409
156235 983659
466607 379657
591746 418180
438316 301948
376775 732170
470179 880267
479630 506979
675115 519922
268502 614785
761425 431638
179920 103518
606394 191679
736285 299094
765005 877121
849663 981309
245636 594723
895235 410765
964199 975051
770344 710814
558802 271290
599298 320655
875291 456364
148159 751714
457918 761559
558519 691270
143259 786383
168336 405698
471294 997592
207605 893106
652346 588630
893953 139100
798574 686443
126212 385908
767288 789805
377820 233613
267312 228851
209847 990478
400975 424943
252002 537085
327935 963455
444721 132075
494243 211792
393032 545907
843057 398689
788389 845169
530356 735916
678770 526724
684933 415535
763088 723233
839774 582319
104945 250145
370622 511466
276045 797238
948852 400242
313605 691787
726005 924006
683064 280945
993542 514828
633884 472559
800755 223078
488783 983853
419459 147379
110095 650092
748349 671553
598816 336435
943475 610869
506728 391322
411574 577959
983697 349962
376141 442467
639507 895328
269529 246753
828523 385530
235950 190682
857894 800981
460109 421703
945980 355863
872889 517905
393528 373300
791704 162118
515827 374491
771800 380775
114947 522147
289915 481161
401506 577735
992499 739992
211841 895924
165419 584155
408461 352620
578344 829680
106802 822985
364807 992394
427671 370251
261765 718816
196132 917462
676219 632772
975683 672576
731908 151172
862494 964733
121017 122949
854667 115015
558187 587573
287968 778505
834004 137413
567811 949589
774647 911548
598554 337034
908637 483537
186732 947128
273473 405804
833807 940232
691711 953094
623162 428996
740097 713069
885531 510114
616853 399764
251500 174543
487755 223801
409680 916022
616134 553507
928945 700831
634839 385769
911199 544881
807977 706022
659812 319884
203882 788625
265809 228463
368706 116798
836778 645506
113023 867815
536208 203975
226117 286697
890754 238244
493254 731826
163124 676989
450006 628938
135116 338578
392250 362020
655090 110328
351999 633223
604355 785153
986401 692568
553595 316160
340663 655001
698603 587752
515461 624369
595883 347406
292681 518564
472426 529842
812671 890917
576245 756847
904139 436010
267134 560432
635446 436346
941914 144840
187380 883405
688589 248240
184104 611181
657025 207012
204750 143884
499505 760388
978296 844829
574639 478630
998817 992585
695812 919185
844984 562218
239746 212976
648237 771967
229122 770441
508416 441690
884662 965653
418616 148942
943782 175701
777426 715051
426399 243992
767622 563620
612776 730095
744211 109457
397356 599916
328108 176824
305504 196247
241844 951977
696578 107717
102132 996958
919050 854624
158046 296747
245748 146480
234604 374467
239197 476061
633406 373447
224199 715378
685684 346734
833125 646231
545566 288326
261251 693612
128065 310880
349713 244821
999143 255833
152130 542973
217055 885365
584928 291526
890559 285193
116552 278894
186531 699739
151823 628415
580498 490639
761926 321240
897810 690952
947204 314376
283403 837469
623812 473132
414426 251841
387703 149064
358163 132188
366265 923085
992199 718489
220879 274058
338920 936950
170603 760504
150793 374186
166247 172519
123526 380238
852443 299293
253230 618357
918766 463571
215856 561106
279031 417168
486603 594456
104773 508984
448888 448570
785897 105130
325469 819856
606171 894126
922723 318876
710930 934748
367041 264027
106020 970503
237374 223033
354558 757051
944041 897630
963331 217938
839840 234198
984370 575048
258121 652828
460128 655438
474913 846328
683526 691488
107842 543968
740631 456318
269438 126493
646025 951813
460681 884845
102759 259235
874665 531426
952579 232878
927973 684608
308178 775152
655843 907721
665949 371216
833403 258118
290345 600977
187363 546107
266053 114791
879209 878795
610276 456686
332640 527999
711740 776553
883080 320538
389156 835998
139122 175910
388327 988637
189794 983273
407617 533198
205846 884635
600144 615166
649665 510420
479424 861323
554598 356585
343524 551905
339410 657172
135431 959625
958234 221242
818418 436083
641814 855848
360839 570786
863875 997873
664735 768775
597105 798560
119832 783586
469476 607143
915440 376198
335076 724388
443919 311688
440470 633546
119871 575569
253520 448201
214914 527631
477355 910185
858248 447700
338636 825984
796344 779979
844660 475587
561148 421871
555011 734175
981008 898695
442864 725456
279737 757539
666202 323485
906713 277534
604717 640398
497467 358276
587705 350102
684344 773763
625561 198263
237920 843514
176925 486057
344426 226548
464884 853279
695146 756845
675121 318734
344702 240540
665595 299438
183665 774472
128225 333755
528410 407963
809483 280592
741736 291981
214842 614581
447608 552462
116013 236527
548941 323484
766306 990961
429892 108713
105524 330427
626059 927272
940986 872842
859133 997744
878441 759069
130032 216847
935554 988431
987899 557199
400365 535210
910605 478266
186047 237279
529754 943653
630456 341457
648399 642714
212872 158391
513918 356046
710775 397060
372485 482181
471963 752022
302167 709757
992329 706094
306327 172084
976720 738552
649383 868628
737909 137855
100042 591922
843299 545976
717805 728186
852956 274478
299295 670161
691312 969786
567252 184133
607644 732850
767155 398173
425826 435133
892917 679505
797445 263389
474708 536030
838799 651782
783053 730265
288879 667683
433446 796533
340752 440256
435367 200112
294031 836047
651422 341053
522702 709492
883422 381881
352101 185620
276059 267332
677861 676497
642949 398159
848292 836659
409745 988199
921911 497282
199964 315857
901525 885896
840100 406330
361297 733025
473616 871414
985397 332655
171617 113538
901457 618746
670887 304251
582649 221123
393148 699389
266763 908591
815082 815675
559205 829289
879016 768205
842597 889383
310807 972788
637054 253160
314521 272832
496252 399804
269893 551470
167975 707838
592203 108895
332272 851819
783645 200865
142978 423141
561696 967070
618074 274268
344286 622317
191103 628014
403990 175263
961483 800432
545667 349904
520701 313544
183636 546797
568233 468737
897448 167512
740981 491352
494553 321303
457354 427862
563979 894979
391879 963428
185434 202099
802783 691623
861380 737121
495234 828973
444168 739033
651427 267922
716535 137796
481477 332854
523362 441765
534339 969266
275825 908886
530330 778625
453815 984205
521622 796098
602706 634334
257231 971345
718907 756640
293513 417784
434922 697241
928341 671398
557631 990959
702752 127593
489911 904336
770499 599056
529409 213169
669380 195664
130247 534070
823417 832394
551945 961263
993969 509675
370075 618209
856918 476442
638126 962183
623964 971774
731148 566654
792624 684410
763399 697988
637518 383222
823058 963400
889553 420390
666439 221141
598528 231930
894070 951545
682236 108423
998818 200082
717862 217442
932511 516485
650603 966453
335427 683220
713958 401807
859960 198744
457969 158722
237874 707715
894306 347161
157918 365611
944354 219580
632833 954486
647690 169279
597659 652275
265275 205050
710999 596212
539942 952585
908834 229872
108188 859810
755272 427529
747513 256021
386838 878322
962339 794496
984222 360976
732719 519495
884350 293116
971819 408543
338668 675252
270668 270144
446184 342990
311266 382344
948777 194743
689366 917690
594127 487329
613891 432605
406669 156959
540936 391289
780790 638935
345478 271102
729063 968284
585405 832164
377983 219707
342563 876080
685806 118473
104904 170877
292360 647108
276749 149172
564677 316678
475570 147329
654571 178672
717731 635745
689672 496426
943239 888201
579563 280847
521600 688674
309236 422148
237809 980122
314102 170510
366724 727932
494079 535356
799875 853270
909036 697940
697187 839023
392335 895071
115914 239081
232699 684396
492319 903674
104577 691057
507864 479818
428319 566918
455333 667174
586738 985119
306409 634813
215212 513543
370324 390930
749198 627001
455359 614863
810654 875478
244720 555531
258983 635945
785459 902198
133393 693946
659305 384496
188380 445990
797604 471617
564774 371154
439375 152073
626409 723268
970805 838127
923928 402909
495155 580481
653012 736592
205737 531655
220998 917849
648755 247220
598863 508128
947571 245599
832225 327330
947607 181639
120894 500692
883517 139311
436878 263044
729317 450708
310567 801584
596850 334629
337423 956881
721260 865802
760230 517736
438486 160466
873789 837574
808998 325138
122677 414373
575128 543470
865930 650177
957465 447807
497205 985923
407549 170204
342908 332272
117888 102581
600057 525031
299278 260147
921939 123676
525962 894014
895839 299914
265872 461378
123838 741518
856925 111870
446445 363886
464883 192291
136532 899631
165285 957376
356377 189627
982307 450726
751012 681018
599697 766077
852321 256636
198072 515291
301554 824018
326581 165313
254986 786512
941487 318883
367880 484559
762672 478315
479873 292136
199496 322826
471338 650609
378964 806935
507080 228862
854217 102914
700189 738368
673981 536725
681444 363058
800381 267781
584655 987736
534407 369645
228527 520809
562302 679968
811037 551355
647621 346183
728773 918218
473087 459310
344411 338177
949700 205107
693220 928562
735228 150337
492080 995060
269818 627891
197675 888855
645901 584621
968282 640719
995675 679181
164495 189528
643783 461416
121284 336628
322168 714691
623332 655420
335920 280819
328781 127304
593937 156471
445905 628721
424358 847398
882355 453238
270060 431640
632511 659790
837338 880790
240961 945174
742495 187097
597341 729493
247719 985583
887504 791103
393455 921612
708362 519497
998995 851351
291370 696921
908860 936481
887104 885918
178618 796619
981388 903251
170512 113795
572623 728918
983171 303198
633472 336920
548462 695743
305293 243216
504462 693746
882874 314932
267194 793205
638089 789866
197756 847890
800944 749142
298925 645573
332621 391759
627429 219565
254469 207964
396788 164520
708102 584428
974247 397810
390545 483084
759011 575372
681006 457720
552031 109985
407683 443224
937699 916630
696702 969897
472551 475806
556594 435893
376153 447642
206342 841439
328533 782493
857573 112701
149664 902360
665206 648451
188509 339965
130317 324376
561877 791137
571314 780461
830102 925779
563793 437398
964900 817580
181291 168738
434985 680645
597420 849322
948050 499098
803847 483914
586579 270201
746146 141738
732211 549855
623813 942210
898764 913812
324516 106710
845371 161649
232117 901870
286366 476774
791886 264886
430443 494613
628660 904209
763683 762708
122207 417966
840663 603208
855843 587843
478537 284480
830928 378340
748720 469072
207374 783686
365928 930188
516811 650268
557126 217510
624734 847681
295001 628958
665858 369252
187822 360243
330892 515629
893061 578054
894214 132930
629941 430326
313535 448706
992997 399901
701528 348735
103221 247046
799587 199222
177555 907063
936914 183694
595779 372443
204470 493556
936454 411116
601847 206537
978145 611718
808542 873343
850942 384435
200292 439002
988959 374721
228049 491817
628717 607381
551621 277771
314000 453543
616294 318665
456116 808184
953848 638282
540738 371476
381517 973066
289659 682738
283170 449107
267784 597372
594574 362396
889400 252270
528246 345132
738312 127279
141938 495525
937750 859351
234775 455560
725218 129937
124091 309337
168120 629160
991217 943542
292520 359331
977595 967557
834150 185371
256668 130639
767593 449496
192162 998293
572763 626498
199540 741884
550443 270578
307259 709719
753433 174603
411503 952088
623394 523311
186500 295482
374272 913297
176162 999338
820726 256871
546785 275021
430206 457702
625577 781047
987273 146293
273959 615450
251670 632526
489836 252011
358740 981886
690058 403505
404696 531558
184461 365511
924678 984321
880659 703321
651223 755559
580577 790854
104554 670158
110718 271261
574489 829496
110629 446373
700849 932548
444414 604690
331318 232964
374051 786426
359819 426500
805933 716065
516323 581645
285049 387212
259114 381031
290427 806775
588717 620921
906282 555030
722159 295136
763481 269204
830536 575228
785000 636090
329597 726995
116799 296705
721561 757899
229394 929559
957300 611876
653079 641436
934177 213712
740262 543811
559042 711131
756574 776710
130994 232445
519192 433999
201307 938063
399096 858204
326934 763838
500369 873627
852720 370609
449658 866774
382662 597614
151846 921075
690573 772389
288345 378567
146759 357071
699689 222265
807149 977668
567902 705953
215656 733926
555263 240393
602125 202878
198969 523295
280325 811896
846343 407185
346468 108702
430827 305549
886539 978114
