100
605552 753649
413479 923837
105514 634912
884882 563840
963174 977668
252624 695427
385241 575805
731226 809671
329781 166693
616986 396876
404254 625389
314419 127876
254807 935766
969485 117777
688319 801462
530022 402452
159459 408285
112494 473352
857402 916613
354637 686355
928246 613587
863316 107045
604302 358267
900528 756635
100966 732185
335945 507675
404104 301345
940795 884890
530294 745729
980783 896941
791003 402733
732680 704308
250224 644992
548094 159992
682186 791444
698291 844209
866320 230373
579740 102146
375510 544503
395437 187308
472422 723144
605894 662576
726735 779504
618521 515633
387640 799746
994984 776455
624326 978675
457712 260170
468348 504612
228603 851908
670032 618576
420058 459824
238271 812642
188120 542826
237583 588228
854133 765391
657344 212628
855505 216061
204256 789179
822508 498172
331751 287446
159556 899027
412791 405489
544933 854342
859274 931876
442821 818253
505876 385169
350143 549659
277913 221645
396223 508862
737517 592025
282685 893521
517287 753419
404283 411802
986466 959028
793714 637978
217435 262116
149516 414892
553370 784893
597870 562551
487445 867413
481265 423746
167229 787979
220630 283477
960755 514117
253700 297933
476942 455908
507978 226355
121552 761352
602919 626828
735341 856996
532817 790591
498911 990700
703632 922617
117589 930864
477176 887848
284206 811454
959386 900833
908396 418553
989533 430502
